  Window.cpp
  Shader.cpp
  SceneNode.cpp
h:\githubvisualstudio\gamessimulation\csc3222 coursework\csc3222 coursework example\map.h(27): warning C4244: 'return': conversion from 'float' to 'int', possible loss of data
h:\githubvisualstudio\gamessimulation\csc3222 coursework\csc3222 coursework example\map.h(30): warning C4244: 'return': conversion from 'float' to 'int', possible loss of data
h:\githubvisualstudio\gamessimulation\csc3222 coursework\csc3222 coursework example\components\physicsnode.h(35): warning C4305: 'argument': truncation from 'double' to 'float'
  Quaternion.cpp
  Plane.cpp
  OGLRenderer.cpp
  OBJMesh.cpp
  Mouse.cpp
  Mesh.cpp
  MD5Node.cpp
h:\githubvisualstudio\gamessimulation\csc3222 coursework\csc3222 coursework example\map.h(27): warning C4244: 'return': conversion from 'float' to 'int', possible loss of data
h:\githubvisualstudio\gamessimulation\csc3222 coursework\csc3222 coursework example\map.h(30): warning C4244: 'return': conversion from 'float' to 'int', possible loss of data
h:\githubvisualstudio\gamessimulation\csc3222 coursework\csc3222 coursework example\components\physicsnode.h(35): warning C4305: 'argument': truncation from 'double' to 'float'
  MD5Mesh.cpp
  MD5FileData.cpp
  MD5Anim.cpp
  Matrix4.cpp
  Keyboard.cpp
  HeightMap.cpp
h:\githubvisualstudio\gamessimulation\nclgl\heightmap.cpp(8): warning C4244: '=': conversion from 'float' to 'GLuint', possible loss of data
h:\githubvisualstudio\gamessimulation\nclgl\heightmap.cpp(9): warning C4244: '=': conversion from 'float' to 'GLuint', possible loss of data
h:\githubvisualstudio\gamessimulation\nclgl\heightmap.cpp(19): warning C4244: 'initializing': conversion from 'float' to 'int', possible loss of data
h:\githubvisualstudio\gamessimulation\nclgl\heightmap.cpp(31): warning C4244: 'initializing': conversion from 'float' to 'int', possible loss of data
h:\githubvisualstudio\gamessimulation\nclgl\heightmap.cpp(32): warning C4244: 'initializing': conversion from 'float' to 'int', possible loss of data
h:\githubvisualstudio\gamessimulation\nclgl\heightmap.cpp(33): warning C4244: 'initializing': conversion from 'float' to 'int', possible loss of data
h:\githubvisualstudio\gamessimulation\nclgl\heightmap.cpp(34): warning C4244: 'initializing': conversion from 'float' to 'int', possible loss of data
  GameTimer.cpp
  Frustum.cpp
h:\githubvisualstudio\gamessimulation\csc3222 coursework\csc3222 coursework example\map.h(27): warning C4244: 'return': conversion from 'float' to 'int', possible loss of data
h:\githubvisualstudio\gamessimulation\csc3222 coursework\csc3222 coursework example\map.h(30): warning C4244: 'return': conversion from 'float' to 'int', possible loss of data
h:\githubvisualstudio\gamessimulation\csc3222 coursework\csc3222 coursework example\components\physicsnode.h(35): warning C4305: 'argument': truncation from 'double' to 'float'
  CubeRobot.cpp
h:\githubvisualstudio\gamessimulation\csc3222 coursework\csc3222 coursework example\map.h(27): warning C4244: 'return': conversion from 'float' to 'int', possible loss of data
h:\githubvisualstudio\gamessimulation\csc3222 coursework\csc3222 coursework example\map.h(30): warning C4244: 'return': conversion from 'float' to 'int', possible loss of data
h:\githubvisualstudio\gamessimulation\csc3222 coursework\csc3222 coursework example\components\physicsnode.h(35): warning C4305: 'argument': truncation from 'double' to 'float'
  Camera.cpp
  Generating Code...
  nclgl.vcxproj -> H:\githubvisualstudio\GamesSimulation\CSC3222 Coursework\Debug\nclgl.lib
