\\campus\home\home32\nwb13\desktop\csc3222 coursework\csc3222 coursework\nclgl\debug\nclgl.pdb
\\campus\home\home32\nwb13\desktop\csc3222 coursework\csc3222 coursework\nclgl\debug\nclgl.idb
\\campus\home\home32\nwb13\desktop\csc3222 coursework\csc3222 coursework\nclgl\debug\camera.obj
\\campus\home\home32\nwb13\desktop\csc3222 coursework\csc3222 coursework\nclgl\debug\cuberobot.obj
\\campus\home\home32\nwb13\desktop\csc3222 coursework\csc3222 coursework\nclgl\debug\frustum.obj
\\campus\home\home32\nwb13\desktop\csc3222 coursework\csc3222 coursework\nclgl\debug\gametimer.obj
\\campus\home\home32\nwb13\desktop\csc3222 coursework\csc3222 coursework\nclgl\debug\heightmap.obj
\\campus\home\home32\nwb13\desktop\csc3222 coursework\csc3222 coursework\nclgl\debug\keyboard.obj
\\campus\home\home32\nwb13\desktop\csc3222 coursework\csc3222 coursework\nclgl\debug\matrix4.obj
\\campus\home\home32\nwb13\desktop\csc3222 coursework\csc3222 coursework\nclgl\debug\md5anim.obj
\\campus\home\home32\nwb13\desktop\csc3222 coursework\csc3222 coursework\nclgl\debug\md5filedata.obj
\\campus\home\home32\nwb13\desktop\csc3222 coursework\csc3222 coursework\nclgl\debug\md5mesh.obj
\\campus\home\home32\nwb13\desktop\csc3222 coursework\csc3222 coursework\nclgl\debug\md5node.obj
\\campus\home\home32\nwb13\desktop\csc3222 coursework\csc3222 coursework\nclgl\debug\mesh.obj
\\campus\home\home32\nwb13\desktop\csc3222 coursework\csc3222 coursework\nclgl\debug\mouse.obj
\\campus\home\home32\nwb13\desktop\csc3222 coursework\csc3222 coursework\nclgl\debug\objmesh.obj
\\campus\home\home32\nwb13\desktop\csc3222 coursework\csc3222 coursework\nclgl\debug\oglrenderer.obj
\\campus\home\home32\nwb13\desktop\csc3222 coursework\csc3222 coursework\nclgl\debug\plane.obj
\\campus\home\home32\nwb13\desktop\csc3222 coursework\csc3222 coursework\nclgl\debug\quaternion.obj
\\campus\home\home32\nwb13\desktop\csc3222 coursework\csc3222 coursework\nclgl\debug\scenenode.obj
\\campus\home\home32\nwb13\desktop\csc3222 coursework\csc3222 coursework\nclgl\debug\shader.obj
\\campus\home\home32\nwb13\desktop\csc3222 coursework\csc3222 coursework\nclgl\debug\window.obj
\\campus\home\home32\nwb13\desktop\csc3222 coursework\csc3222 coursework\csc3222 coursework\debug\nclgl.lib
\\campus\home\home32\nwb13\desktop\csc3222 coursework\csc3222 coursework\csc3222 coursework\debug\nclgl.pdb
\\campus\home\home32\nwb13\desktop\csc3222 coursework\csc3222 coursework\nclgl\debug\nclgl.tlog\cl.command.1.tlog
\\campus\home\home32\nwb13\desktop\csc3222 coursework\csc3222 coursework\nclgl\debug\nclgl.tlog\cl.read.1.tlog
\\campus\home\home32\nwb13\desktop\csc3222 coursework\csc3222 coursework\nclgl\debug\nclgl.tlog\cl.write.1.tlog
\\campus\home\home32\nwb13\desktop\csc3222 coursework\csc3222 coursework\nclgl\debug\nclgl.tlog\lib-link.read.1.tlog
\\campus\home\home32\nwb13\desktop\csc3222 coursework\csc3222 coursework\nclgl\debug\nclgl.tlog\lib-link.write.1.tlog
\\campus\home\home32\nwb13\desktop\csc3222 coursework\csc3222 coursework\nclgl\debug\nclgl.tlog\lib.command.1.tlog
