h:\githubvisualstudio\gamessimulation\csc3222 coursework\csc3222 coursework example\debug\vc140.pdb
h:\githubvisualstudio\gamessimulation\csc3222 coursework\csc3222 coursework example\debug\vc140.idb
h:\githubvisualstudio\gamessimulation\csc3222 coursework\csc3222 coursework example\debug\collisionmanager.obj
h:\githubvisualstudio\gamessimulation\csc3222 coursework\csc3222 coursework example\debug\dragon.obj
h:\githubvisualstudio\gamessimulation\csc3222 coursework\csc3222 coursework example\debug\entity.obj
h:\githubvisualstudio\gamessimulation\csc3222 coursework\csc3222 coursework example\debug\follower.obj
h:\githubvisualstudio\gamessimulation\csc3222 coursework\csc3222 coursework example\debug\leader.obj
h:\githubvisualstudio\gamessimulation\csc3222 coursework\csc3222 coursework example\debug\main.obj
h:\githubvisualstudio\gamessimulation\csc3222 coursework\csc3222 coursework example\debug\map.obj
h:\githubvisualstudio\gamessimulation\csc3222 coursework\csc3222 coursework example\debug\physics.obj
h:\githubvisualstudio\gamessimulation\csc3222 coursework\csc3222 coursework example\debug\physicsnode.obj
h:\githubvisualstudio\gamessimulation\csc3222 coursework\csc3222 coursework example\debug\renderer.obj
h:\githubvisualstudio\gamessimulation\csc3222 coursework\csc3222 coursework example\debug\rendernode2d.obj
h:\githubvisualstudio\gamessimulation\csc3222 coursework\csc3222 coursework example\debug\velocitynode.obj
h:\githubvisualstudio\gamessimulation\csc3222 coursework\csc3222 coursework example\debug\collidablenode.obj
h:\githubvisualstudio\gamessimulation\csc3222 coursework\debug\csc3222 coursework framework.ilk
h:\githubvisualstudio\gamessimulation\csc3222 coursework\debug\csc3222 coursework framework.exe
h:\githubvisualstudio\gamessimulation\csc3222 coursework\debug\csc3222 coursework framework.pdb
h:\githubvisualstudio\gamessimulation\csc3222 coursework\csc3222 coursework example\debug\csc3222 .6b977c1c.tlog\cl.command.1.tlog
h:\githubvisualstudio\gamessimulation\csc3222 coursework\csc3222 coursework example\debug\csc3222 .6b977c1c.tlog\cl.read.1.tlog
h:\githubvisualstudio\gamessimulation\csc3222 coursework\csc3222 coursework example\debug\csc3222 .6b977c1c.tlog\cl.write.1.tlog
h:\githubvisualstudio\gamessimulation\csc3222 coursework\csc3222 coursework example\debug\csc3222 .6b977c1c.tlog\link-cvtres.read.1.tlog
h:\githubvisualstudio\gamessimulation\csc3222 coursework\csc3222 coursework example\debug\csc3222 .6b977c1c.tlog\link-cvtres.write.1.tlog
h:\githubvisualstudio\gamessimulation\csc3222 coursework\csc3222 coursework example\debug\csc3222 .6b977c1c.tlog\link-rc.read.1.tlog
h:\githubvisualstudio\gamessimulation\csc3222 coursework\csc3222 coursework example\debug\csc3222 .6b977c1c.tlog\link-rc.write.1.tlog
h:\githubvisualstudio\gamessimulation\csc3222 coursework\csc3222 coursework example\debug\csc3222 .6b977c1c.tlog\link.7100-cvtres.read.1.tlog
h:\githubvisualstudio\gamessimulation\csc3222 coursework\csc3222 coursework example\debug\csc3222 .6b977c1c.tlog\link.7100-cvtres.write.1.tlog
h:\githubvisualstudio\gamessimulation\csc3222 coursework\csc3222 coursework example\debug\csc3222 .6b977c1c.tlog\link.7100-rc.read.1.tlog
h:\githubvisualstudio\gamessimulation\csc3222 coursework\csc3222 coursework example\debug\csc3222 .6b977c1c.tlog\link.7100-rc.write.1.tlog
h:\githubvisualstudio\gamessimulation\csc3222 coursework\csc3222 coursework example\debug\csc3222 .6b977c1c.tlog\link.7100.read.1.tlog
h:\githubvisualstudio\gamessimulation\csc3222 coursework\csc3222 coursework example\debug\csc3222 .6b977c1c.tlog\link.7100.write.1.tlog
h:\githubvisualstudio\gamessimulation\csc3222 coursework\csc3222 coursework example\debug\csc3222 .6b977c1c.tlog\link.command.1.tlog
h:\githubvisualstudio\gamessimulation\csc3222 coursework\csc3222 coursework example\debug\csc3222 .6b977c1c.tlog\link.read.1.tlog
h:\githubvisualstudio\gamessimulation\csc3222 coursework\csc3222 coursework example\debug\csc3222 .6b977c1c.tlog\link.write.1.tlog
