  Physics.cpp
c:\users\edward\documents\githubvisualstudio\gamessimulation\csc3222 coursework\csc3222 coursework example\map.h(27): warning C4244: 'return': conversion from 'float' to 'int', possible loss of data
c:\users\edward\documents\githubvisualstudio\gamessimulation\csc3222 coursework\csc3222 coursework example\map.h(30): warning C4244: 'return': conversion from 'float' to 'int', possible loss of data
c:\users\edward\documents\githubvisualstudio\gamessimulation\csc3222 coursework\csc3222 coursework example\components\physicsnode.h(35): warning C4305: 'argument': truncation from 'double' to 'float'
c:\users\edward\documents\githubvisualstudio\gamessimulation\csc3222 coursework\csc3222 coursework example\movementmanager.h(21): warning C4244: 'initializing': conversion from 'int' to 'const float', possible loss of data
c:\users\edward\documents\githubvisualstudio\gamessimulation\csc3222 coursework\csc3222 coursework example\terrain.h(4): warning C4244: 'initializing': conversion from 'double' to 'float', possible loss of data
c:\users\edward\documents\githubvisualstudio\gamessimulation\csc3222 coursework\csc3222 coursework example\terrain.h(4): warning C4244: 'initializing': conversion from 'double' to 'const float', possible loss of data
c:\users\edward\documents\githubvisualstudio\gamessimulation\csc3222 coursework\csc3222 coursework example\pathfinding.h(55): warning C4018: '<': signed/unsigned mismatch
c:\users\edward\documents\githubvisualstudio\gamessimulation\csc3222 coursework\csc3222 coursework example\pathfinding.h(142): warning C4101: 'edges': unreferenced local variable
c:\users\edward\documents\githubvisualstudio\gamessimulation\csc3222 coursework\csc3222 coursework example\collisionmanager.h(3): warning C4067: unexpected tokens following preprocessor directive - expected a newline
c:\users\edward\documents\githubvisualstudio\gamessimulation\csc3222 coursework\csc3222 coursework example\collisionmanager.h(4): warning C4067: unexpected tokens following preprocessor directive - expected a newline
c:\users\edward\documents\githubvisualstudio\gamessimulation\csc3222 coursework\csc3222 coursework example\physics.cpp(17): warning C4244: 'argument': conversion from 'int' to 'float', possible loss of data
c:\users\edward\documents\githubvisualstudio\gamessimulation\csc3222 coursework\csc3222 coursework example\physics.cpp(32): warning C4018: '<': signed/unsigned mismatch
c:\users\edward\documents\githubvisualstudio\gamessimulation\csc3222 coursework\csc3222 coursework example\physics.cpp(33): warning C4244: 'argument': conversion from 'double' to 'float', possible loss of data
c:\users\edward\documents\githubvisualstudio\gamessimulation\csc3222 coursework\csc3222 coursework example\physics.cpp(59): warning C4018: '<': signed/unsigned mismatch
c:\users\edward\documents\githubvisualstudio\gamessimulation\csc3222 coursework\csc3222 coursework example\physics.cpp(116): warning C4018: '<': signed/unsigned mismatch
c:\users\edward\documents\githubvisualstudio\gamessimulation\csc3222 coursework\csc3222 coursework example\physics.cpp(128): warning C4018: '<': signed/unsigned mismatch
c:\users\edward\documents\githubvisualstudio\gamessimulation\csc3222 coursework\csc3222 coursework example\physics.cpp(199): warning C4244: '=': conversion from 'double' to 'float', possible loss of data
c:\users\edward\documents\githubvisualstudio\gamessimulation\csc3222 coursework\csc3222 coursework example\physics.cpp(211): warning C4244: '=': conversion from 'double' to 'float', possible loss of data
c:\users\edward\documents\githubvisualstudio\gamessimulation\csc3222 coursework\csc3222 coursework example\physics.cpp(260): warning C4244: 'argument': conversion from 'double' to 'const float', possible loss of data
  Project1.vcxproj -> C:\Users\Edward\Documents\GitHubVisualStudio\GamesSimulation\CSC3222 Coursework\Debug\CSC3222 Coursework Framework.exe
  Project1.vcxproj -> C:\Users\Edward\Documents\GitHubVisualStudio\GamesSimulation\CSC3222 Coursework\Debug\CSC3222 Coursework Framework.pdb (Partial PDB)
